<?xml version="1.0" encoding="UTF-8"?>
<!-- Generated by org.testng.reporters.JUnitReportReporter -->
<testsuite hostname="ojas-dl429" failures="0" tests="1" name="login_test.RunTest" time="5.572" errors="0" timestamp="2024-03-11T17:19:17 IST" skipped="0">
  <testcase classname="login_test.RunTest" name="run" time="5.572"/>
  <system-out/>
</testsuite> <!-- login_test.RunTest -->
